2026-06-30 12:49:11,867 - ERROR - សូមកំណត់ GROUP_CHAT_ID ក្នុង .env file!
2026-06-30 12:49:26,971 - ERROR - សូមកំណត់ GROUP_CHAT_ID ក្នុង .env file!
2026-06-30 12:50:32,698 - INFO - Bot បានចាប់ផ្តើម
2026-06-30 12:50:32,698 - INFO - កំពុងបញ្ជូនសារសាកល្បង...
2026-06-30 12:50:32,699 - INFO - === ចាប់ផ្តើមបញ្ជូនប្រចាំថ្ងៃ ===
2026-06-30 12:50:51,465 - INFO - Bot បានចាប់ផ្តើម
2026-06-30 12:50:51,466 - INFO - កំពុងបញ្ជូនសារសាកល្បង...
2026-06-30 12:50:51,466 - INFO - === ចាប់ផ្តើមបញ្ជូនប្រចាំថ្ងៃ ===
2026-06-30 12:50:56,467 - INFO - HTTP Request: POST https://api.telegram.org/bot8760890428:AAHOp3iReSPFB2R2OkK0hpUDHgR14fksjiY/sendMessage "HTTP/1.1 400 Bad Request"
2026-06-30 12:50:56,469 - ERROR - កំហុសបញ្ជូនមេរៀន: Chat not found
2026-06-30 12:50:56,470 - INFO - === បញ្ចប់ការបញ្ជូន ===
2026-06-30 12:50:56,470 - INFO - Bot កំពុងរង់ចាំ... នឹងបញ្ជូនម៉ោង 09:00 ជារៀងរាល់ថ្ងៃ
2026-06-30 13:02:25,573 - ERROR - សូមកំណត់ GROUP_CHAT_ID ក្នុង .env file!
2026-06-30 13:02:44,823 - INFO - Bot បានចាប់ផ្តើម
2026-06-30 13:02:44,824 - INFO - កំពុងបញ្ជូនសារសាកល្បង...
2026-06-30 13:02:44,824 - INFO - === ចាប់ផ្តើមបញ្ជូនប្រចាំថ្ងៃ ===
2026-06-30 13:02:49,541 - INFO - HTTP Request: POST https://api.telegram.org/bot8760890428:AAFzsFEduRv39s4n0Gtf7saaeS96r7F3y2o/sendMessage "HTTP/1.1 400 Bad Request"
2026-06-30 13:02:49,543 - ERROR - កំហុសបញ្ជូនមេរៀន: Chat_id is empty
2026-06-30 13:02:49,543 - INFO - === បញ្ចប់ការបញ្ជូន ===
2026-06-30 13:02:49,543 - INFO - Bot កំពុងរង់ចាំ... នឹងបញ្ជូនម៉ោង 09:00 ជារៀងរាល់ថ្ងៃ
2026-06-30 13:24:39,010 - INFO - Bot បានចាប់ផ្តើម
2026-06-30 13:24:39,011 - INFO - កំពុងបញ្ជូនសារសាកល្បង...
2026-06-30 13:24:39,011 - INFO - === ចាប់ផ្តើមបញ្ជូនប្រចាំថ្ងៃ ===
2026-06-30 13:24:40,528 - INFO - HTTP Request: POST https://api.telegram.org/bot8760890428:AAFzsFEduRv39s4n0Gtf7saaeS96r7F3y2o/sendMessage "HTTP/1.1 400 Bad Request"
2026-06-30 13:24:40,529 - ERROR - កំហុសបញ្ជូនមេរៀន: Chat not found
2026-06-30 13:24:40,530 - INFO - === បញ្ចប់ការបញ្ជូន ===
2026-06-30 13:24:40,530 - INFO - Bot កំពុងរង់ចាំ... នឹងបញ្ជូនម៉ោង 09:00 ជារៀងរាល់ថ្ងៃ
2026-06-30 13:29:15,490 - INFO - Bot បានចាប់ផ្តើម
2026-06-30 13:29:15,490 - INFO - កំពុងបញ្ជូនសារសាកល្បង...
2026-06-30 13:29:15,491 - INFO - === ចាប់ផ្តើមបញ្ជូនប្រចាំថ្ងៃ ===
2026-06-30 13:29:16,698 - INFO - HTTP Request: POST https://api.telegram.org/bot8760890428:AAFzsFEduRv39s4n0Gtf7saaeS96r7F3y2o/sendMessage "HTTP/1.1 400 Bad Request"
2026-06-30 13:29:16,700 - ERROR - កំហុសបញ្ជូនមេរៀន: Chat not found
2026-06-30 13:29:16,700 - INFO - === បញ្ចប់ការបញ្ជូន ===
2026-06-30 13:29:16,701 - INFO - Bot កំពុងរង់ចាំ... នឹងបញ្ជូនម៉ោង 09:00 ជារៀងរាល់ថ្ងៃ
2026-06-30 13:39:15,512 - INFO - ✅ LessonBot បានចាប់ផ្តើម
2026-06-30 13:39:15,513 - INFO - 🚀 កំពុងបញ្ជូនមេរៀនសាកល្បង...
2026-06-30 13:39:15,513 - INFO - === បញ្ជូនមេរៀនប្រចាំថ្ងៃ ===
2026-06-30 13:39:16,720 - INFO - HTTP Request: POST https://api.telegram.org/bot8760890428:AAFzsFEduRv39s4n0Gtf7saaeS96r7F3y2o/sendMessage "HTTP/1.1 400 Bad Request"
2026-06-30 13:39:16,722 - ERROR - ❌ កំហុសបញ្ជូនមេរៀន: Chat not found
2026-06-30 13:39:16,722 - INFO - === បញ្ចប់ ===
2026-06-30 13:39:16,723 - INFO - ⏰ Bot កំពុងរង់ចាំ... នឹងបញ្ជូនមេរៀននៅម៉ោង 09:00 រៀងរាល់ថ្ងៃ
2026-06-30 13:42:07,505 - INFO - ✅ LessonBot បានចាប់ផ្តើម
2026-06-30 13:42:07,506 - INFO - 🚀 កំពុងបញ្ជូនមេរៀនសាកល្បង...
2026-06-30 13:42:07,506 - INFO - === បញ្ជូនមេរៀនប្រចាំថ្ងៃ ===
2026-06-30 13:42:09,757 - INFO - HTTP Request: POST https://api.telegram.org/bot8760890428:AAFzsFEduRv39s4n0Gtf7saaeS96r7F3y2o/sendMessage "HTTP/1.1 200 OK"
2026-06-30 13:42:09,759 - INFO - ✅ បានបញ្ជូនមេរៀនទី 1
2026-06-30 13:42:09,760 - INFO - === បញ្ចប់ ===
2026-06-30 13:42:09,760 - INFO - ⏰ Bot កំពុងរង់ចាំ... នឹងបញ្ជូនមេរៀននៅម៉ោង 09:00 រៀងរាល់ថ្ងៃ
2026-06-30 13:53:11,887 - INFO - ✅ LessonBot បានចាប់ផ្តើម
2026-06-30 13:53:11,887 - INFO - 🚀 កំពុងបញ្ជូនមេរៀនសាកល្បង...
2026-06-30 13:53:11,888 - INFO - === បញ្ជូនមេរៀនប្រចាំថ្ងៃ ===
2026-06-30 13:53:13,177 - INFO - HTTP Request: POST https://api.telegram.org/bot8760890428:AAFzsFEduRv39s4n0Gtf7saaeS96r7F3y2o/sendMessage "HTTP/1.1 200 OK"
2026-06-30 13:53:13,180 - INFO - ✅ បានបញ្ជូនមេរៀនទី 1
2026-06-30 13:53:13,180 - INFO - === បញ្ចប់ ===
2026-06-30 13:53:13,180 - INFO - ⏰ Bot កំពុងរង់ចាំ... នឹងបញ្ជូនមេរៀននៅម៉ោង 09:00 រៀងរាល់ថ្ងៃ
2026-06-30 13:56:21,732 - INFO - ✅ LessonBot បានចាប់ផ្តើម (រៀងរាល់ 15 នាទី)
2026-06-30 13:56:21,733 - INFO - 🚀 កំពុងបញ្ជូនមេរៀនដំបូង...
2026-06-30 13:56:21,733 - INFO - === បញ្ជូនមេរៀន ===
2026-06-30 13:56:23,060 - INFO - HTTP Request: POST https://api.telegram.org/bot8760890428:AAFzsFEduRv39s4n0Gtf7saaeS96r7F3y2o/sendMessage "HTTP/1.1 200 OK"
2026-06-30 13:56:23,063 - INFO - ✅ បានបញ្ជូនមេរៀនទី 1
2026-06-30 13:56:23,063 - INFO - === បញ្ចប់ ===
2026-06-30 13:56:23,064 - INFO - ⏰ Bot នឹងបោះមេរៀនរៀងរាល់ 15 នាទី (ចាប់ផ្ដើមពីមេរៀនទី 1)
2026-06-30 13:57:11,858 - INFO - ✅ LessonBot បានចាប់ផ្តើម (រៀងរាល់ 15 នាទី)
2026-06-30 13:57:11,859 - INFO - 🚀 កំពុងបញ្ជូនមេរៀនដំបូង...
2026-06-30 13:57:11,859 - INFO - === បញ្ជូនមេរៀន ===
2026-06-30 13:57:12,962 - INFO - HTTP Request: POST https://api.telegram.org/bot8760890428:AAFzsFEduRv39s4n0Gtf7saaeS96r7F3y2o/sendMessage "HTTP/1.1 400 Bad Request"
2026-06-30 13:57:12,963 - ERROR - ❌ កំហុសបញ្ជូនមេរៀន: Chat not found
2026-06-30 13:57:12,964 - INFO - === បញ្ចប់ ===
2026-06-30 13:57:12,964 - INFO - ⏰ Bot នឹងបោះមេរៀនរៀងរាល់ 15 នាទី (ចាប់ផ្ដើមពីមេរៀនទី 1)
2026-06-30 13:59:42,814 - INFO - ✅ LessonBot បានចាប់ផ្តើម (រៀងរាល់ 15 នាទី)
2026-06-30 13:59:42,814 - INFO - 🚀 កំពុងបញ្ជូនមេរៀនដំបូង...
2026-06-30 13:59:42,815 - INFO - === បញ្ជូនមេរៀន ===
2026-06-30 13:59:44,058 - INFO - HTTP Request: POST https://api.telegram.org/bot8760890428:AAFzsFEduRv39s4n0Gtf7saaeS96r7F3y2o/sendMessage "HTTP/1.1 400 Bad Request"
2026-06-30 13:59:44,062 - ERROR - ❌ កំហុសបញ្ជូនមេរៀន: Chat not found
2026-06-30 13:59:44,062 - INFO - === បញ្ចប់ ===
2026-06-30 13:59:44,062 - INFO - ⏰ Bot នឹងបោះមេរៀនរៀងរាល់ 15 នាទី (ចាប់ផ្ដើមពីមេរៀនទី 1)
2026-06-30 14:02:00,214 - INFO - ✅ LessonBot បានចាប់ផ្តើម (រៀងរាល់ 15 នាទី)
2026-06-30 14:02:00,214 - INFO - 🚀 កំពុងបញ្ជូនមេរៀនដំបូង...
2026-06-30 14:02:00,215 - INFO - === បញ្ជូនមេរៀន ===
2026-06-30 14:02:01,489 - INFO - HTTP Request: POST https://api.telegram.org/bot8760890428:AAFzsFEduRv39s4n0Gtf7saaeS96r7F3y2o/sendMessage "HTTP/1.1 200 OK"
2026-06-30 14:02:01,491 - INFO - ✅ បានបញ្ជូនមេរៀនទី 1
2026-06-30 14:02:01,492 - INFO - === បញ្ចប់ ===
2026-06-30 14:02:01,492 - INFO - ⏰ Bot នឹងបោះមេរៀនរៀងរាល់ 15 នាទី (ចាប់ផ្ដើមពីមេរៀនទី 1)
2026-06-30 14:09:44,698 - INFO - ✅ LessonBot បានចាប់ផ្តើម (រៀងរាល់ 15 នាទី)
2026-06-30 14:09:44,698 - INFO - 🚀 កំពុងបញ្ជូនមេរៀនដំបូង...
2026-06-30 14:09:44,699 - INFO - === បញ្ជូនមេរៀន ===
2026-06-30 14:09:45,989 - INFO - HTTP Request: POST https://api.telegram.org/bot8760890428:AAFzsFEduRv39s4n0Gtf7saaeS96r7F3y2o/sendMessage "HTTP/1.1 200 OK"
2026-06-30 14:09:45,991 - INFO - ✅ បានបញ្ជូនមេរៀនទី 1
2026-06-30 14:09:45,992 - INFO - === បញ្ចប់ ===
2026-06-30 14:09:45,992 - INFO - ⏰ Bot នឹងបោះមេរៀនរៀងរាល់ 15 នាទី (ចាប់ផ្ដើមពីមេរៀនទី 1)
2026-06-30 14:18:27,506 - INFO - ✅ DailyLessonBot បានចាប់ផ្ដើម (បោះរៀងរាល់ថ្ងៃ) Topic 137
2026-06-30 14:18:27,506 - INFO - 🚀 បោះមេរៀនដំបូង...
2026-06-30 14:18:29,219 - INFO - HTTP Request: POST https://api.telegram.org/bot8760890428:AAFzsFEduRv39s4n0Gtf7saaeS96r7F3y2o/sendMessage "HTTP/1.1 200 OK"
2026-06-30 14:18:29,222 - INFO - ✅ បានបញ្ជូនមេរៀនទី 1
2026-06-30 14:18:29,222 - INFO - ⏰ Bot នឹងបោះមេរៀនរៀងរាល់ថ្ងៃនៅម៉ោង 09:00
2026-06-30 14:26:06,310 - INFO - ✅ DailyLessonBot បានចាប់ផ្ដើម (បោះ 30 មេរៀន/ថ្ងៃ នៅម៉ោង 07:00) Topic 137
2026-06-30 14:26:06,311 - INFO - ⏰ Bot នឹងបោះមេរៀនទាំង 30 រៀងរាល់ថ្ងៃនៅម៉ោង 07:00
2026-06-30 14:29:42,024 - INFO - HTTP Request: POST https://api.telegram.org/bot8760890428:AAFzsFEduRv39s4n0Gtf7saaeS96r7F3y2o/getMe "HTTP/1.1 200 OK"
2026-06-30 14:29:42,026 - INFO - Application started
2026-06-30 14:29:42,026 - INFO - 🤖 Bot បានចាប់ផ្ដើម ហើយកំពុងស្ដាប់ /send
2026-06-30 14:29:42,852 - INFO - ⏰ កាលវិភាគត្រូវបានកំណត់នៅម៉ោង 07:00
2026-06-30 14:45:07,370 - INFO - Application is stopping. This might take a moment.
2026-06-30 14:45:07,371 - INFO - Application.stop() complete
2026-06-30 14:45:07,371 - INFO - Bot បានបញ្ឈប់
2026-06-30 14:45:17,737 - INFO - HTTP Request: POST https://api.telegram.org/bot8760890428:AAFzsFEduRv39s4n0Gtf7saaeS96r7F3y2o/getMe "HTTP/1.1 200 OK"
2026-06-30 14:45:17,739 - INFO - Application started
2026-06-30 14:45:17,739 - INFO - 🤖 Bot បានចាប់ផ្ដើម ហើយកំពុងស្ដាប់ /send
2026-06-30 14:45:18,548 - INFO - ⏰ កាលវិភាគត្រូវបានកំណត់នៅម៉ោង 07:00
2026-06-30 14:47:21,929 - INFO - Application is stopping. This might take a moment.
2026-06-30 14:47:21,930 - INFO - Application.stop() complete
2026-06-30 14:47:21,930 - INFO - Bot បានបញ្ឈប់
2026-06-30 14:47:29,263 - INFO - HTTP Request: POST https://api.telegram.org/bot8760890428:AAFzsFEduRv39s4n0Gtf7saaeS96r7F3y2o/getMe "HTTP/1.1 200 OK"
2026-06-30 14:47:29,266 - INFO - Application started
2026-06-30 14:47:29,266 - INFO - 🤖 Bot បានចាប់ផ្ដើម ហើយកំពុងស្ដាប់ /send
2026-06-30 14:47:30,083 - INFO - ⏰ កាលវិភាគត្រូវបានកំណត់នៅម៉ោង 07:00
